This is pdfTeX, Version 3.14159265-2.6-1.40.18 (TeX Live 2017/Debian) (preloaded format=pdflatex 2019.11.14)  20 MAY 2020 20:22
entering extended mode
 restricted \write18 enabled.
 %&-line parsing enabled.
**report.tex
(./report.tex
LaTeX2e <2017-04-15>
Babel <3.18> and hyphenation patterns for 84 language(s) loaded.
(./Classes/VTU.cls

LaTeX Warning: You have requested document class `Classes/VTU',
               but the document class provides `CUEDthesisPSnPDF'.

Document Class: CUEDthesisPSnPDF 2003/01/11 v1.2 CUED thesis class
(/usr/share/texlive/texmf-dist/tex/latex/base/report.cls
Document Class: report 2014/09/29 v1.4h Standard LaTeX document class
(/usr/share/texlive/texmf-dist/tex/latex/base/size12.clo
File: size12.clo 2014/09/29 v1.4h Standard LaTeX file (size option)
)
\c@part=\count79
\c@chapter=\count80
\c@section=\count81
\c@subsection=\count82
\c@subsubsection=\count83
\c@paragraph=\count84
\c@subparagraph=\count85
\c@figure=\count86
\c@table=\count87
\abovecaptionskip=\skip41
\belowcaptionskip=\skip42
\bibindent=\dimen102
)
(/usr/share/texlive/texmf-dist/tex/latex/amsfonts/amssymb.sty
Package: amssymb 2013/01/14 v3.01 AMS font symbols

(/usr/share/texlive/texmf-dist/tex/latex/amsfonts/amsfonts.sty
Package: amsfonts 2013/01/14 v3.01 Basic AMSFonts support
\@emptytoks=\toks14
\symAMSa=\mathgroup4
\symAMSb=\mathgroup5
LaTeX Font Info:    Overwriting math alphabet `\mathfrak' in version `bold'
(Font)                  U/euf/m/n --> U/euf/b/n on input line 106.
))
(/usr/share/texlive/texmf-dist/tex/latex/graphics/graphics.sty
Package: graphics 2017/06/25 v1.2c Standard LaTeX Graphics (DPC,SPQR)

(/usr/share/texlive/texmf-dist/tex/latex/graphics/trig.sty
Package: trig 2016/01/03 v1.10 sin cos tan (DPC)
)
(/usr/share/texlive/texmf-dist/tex/latex/graphics-cfg/graphics.cfg
File: graphics.cfg 2016/06/04 v1.11 sample graphics configuration
)
Package graphics Info: Driver file: pdftex.def on input line 99.

(/usr/share/texlive/texmf-dist/tex/latex/graphics-def/pdftex.def
File: pdftex.def 2018/01/08 v1.0l Graphics/color driver for pdftex
))
(/usr/share/texlive/texmf-dist/tex/latex/fancyhdr/fancyhdr.sty
Package: fancyhdr 2017/06/30 v3.9a Extensive control of page headers and footer
s
\f@nch@headwidth=\skip43
\f@nch@O@elh=\skip44
\f@nch@O@erh=\skip45
\f@nch@O@olh=\skip46
\f@nch@O@orh=\skip47
\f@nch@O@elf=\skip48
\f@nch@O@erf=\skip49
\f@nch@O@olf=\skip50
\f@nch@O@orf=\skip51
)
(/usr/share/texlive/texmf-dist/tex/latex/amsfonts/eucal.sty
Package: eucal 2009/06/22 v3.00 Euler Script fonts
LaTeX Font Info:    Overwriting math alphabet `\EuScript' in version `bold'
(Font)                  U/eus/m/n --> U/eus/b/n on input line 33.
)
(/usr/share/texlive/texmf-dist/tex/generic/babel/babel.sty
Package: babel 2018/02/14 3.18 The Babel package

(/usr/share/texlive/texmf-dist/tex/generic/babel/switch.def
File: switch.def 2018/02/14 3.18 Babel switching mechanism
)
(/usr/share/texlive/texmf-dist/tex/generic/babel-english/english.ldf
Language: english 2017/06/06 v3.3r English support from the babel system

(/usr/share/texlive/texmf-dist/tex/generic/babel/babel.def
File: babel.def 2018/02/14 3.18 Babel common definitions
\babel@savecnt=\count88
\U@D=\dimen103

(/usr/share/texlive/texmf-dist/tex/generic/babel/txtbabel.def)
\bbl@dirlevel=\count89
)
\l@canadian = a dialect from \language\l@american 
\l@australian = a dialect from \language\l@british 
\l@newzealand = a dialect from \language\l@british 
))
(/usr/share/texlive/texmf-dist/tex/latex/graphics/color.sty
Package: color 2016/07/10 v1.1e Standard LaTeX Color (DPC)

(/usr/share/texlive/texmf-dist/tex/latex/graphics-cfg/color.cfg
File: color.cfg 2016/01/02 v1.6 sample color configuration
)
Package color Info: Driver file: pdftex.def on input line 147.

(/usr/share/texlive/texmf-dist/tex/latex/graphics/dvipsnam.def
File: dvipsnam.def 2016/06/17 v3.0m Driver-dependent file (DPC,SPQR)
))
(/usr/share/texlive/texmf-dist/tex/latex/footmisc/footmisc.sty
Package: footmisc 2011/06/06 v5.5b a miscellany of footnote facilities
\FN@temptoken=\toks15
\footnotemargin=\dimen104
\c@pp@next@reset=\count90
\c@@fnserial=\count91
Package footmisc Info: Declaring symbol style bringhurst on input line 855.
Package footmisc Info: Declaring symbol style chicago on input line 863.
Package footmisc Info: Declaring symbol style wiley on input line 872.
Package footmisc Info: Declaring symbol style lamport-robust on input line 883.

Package footmisc Info: Declaring symbol style lamport* on input line 903.
Package footmisc Info: Declaring symbol style lamport*-robust on input line 924
.
)
(/usr/share/texlive/texmf-dist/tex/latex/natbib/natbib.sty
Package: natbib 2010/09/13 8.31b (PWD, AO)
\bibhang=\skip52
\bibsep=\skip53
LaTeX Info: Redefining \cite on input line 694.
\c@NAT@ctr=\count92
)
(/usr/share/texlive/texmf-dist/tex/latex/base/ifthen.sty
Package: ifthen 2014/09/29 v1.1c Standard LaTeX ifthen package (DPC)
)
(/usr/share/texlive/texmf-dist/tex/generic/oberdiek/ifpdf.sty
Package: ifpdf 2017/03/15 v3.2 Provides the ifpdf switch
)
(/usr/share/texlive/texmf-dist/tex/latex/nomencl/nomencl.sty
Package: nomencl 2005/09/22 v4.2 Nomenclature package (LN)
\nomlabelwidth=\dimen105
\nom@tempdim=\dimen106
\nomitemsep=\skip54
)
\@nomenclaturefile=\write3
\openout3 = `report.nlo'.


Writing nomenclature file report.nlo
(/usr/share/texlive/texmf-dist/tex/latex/hyperref/hyperref.sty
Package: hyperref 2018/02/06 v6.86b Hypertext links for LaTeX

(/usr/share/texlive/texmf-dist/tex/generic/oberdiek/hobsub-hyperref.sty
Package: hobsub-hyperref 2016/05/16 v1.14 Bundle oberdiek, subset hyperref (HO)


(/usr/share/texlive/texmf-dist/tex/generic/oberdiek/hobsub-generic.sty
Package: hobsub-generic 2016/05/16 v1.14 Bundle oberdiek, subset generic (HO)
Package: hobsub 2016/05/16 v1.14 Construct package bundles (HO)
Package: infwarerr 2016/05/16 v1.4 Providing info/warning/error messages (HO)
Package: ltxcmds 2016/05/16 v1.23 LaTeX kernel commands for general use (HO)
Package: ifluatex 2016/05/16 v1.4 Provides the ifluatex switch (HO)
Package ifluatex Info: LuaTeX not detected.
Package: ifvtex 2016/05/16 v1.6 Detect VTeX and its facilities (HO)
Package ifvtex Info: VTeX not detected.
Package: intcalc 2016/05/16 v1.2 Expandable calculations with integers (HO)
Package hobsub Info: Skipping package `ifpdf' (already loaded).
Package: etexcmds 2016/05/16 v1.6 Avoid name clashes with e-TeX commands (HO)
Package etexcmds Info: Could not find \expanded.
(etexcmds)             That can mean that you are not using pdfTeX 1.50 or
(etexcmds)             that some package has redefined \expanded.
(etexcmds)             In the latter case, load this package earlier.
Package: kvsetkeys 2016/05/16 v1.17 Key value parser (HO)
Package: kvdefinekeys 2016/05/16 v1.4 Define keys (HO)
Package: pdftexcmds 2018/01/21 v0.26 Utility functions of pdfTeX for LuaTeX (HO
)
Package pdftexcmds Info: LuaTeX not detected.
Package pdftexcmds Info: \pdf@primitive is available.
Package pdftexcmds Info: \pdf@ifprimitive is available.
Package pdftexcmds Info: \pdfdraftmode found.
Package: pdfescape 2016/05/16 v1.14 Implements pdfTeX's escape features (HO)
Package: bigintcalc 2016/05/16 v1.4 Expandable calculations on big integers (HO
)
Package: bitset 2016/05/16 v1.2 Handle bit-vector datatype (HO)
Package: uniquecounter 2016/05/16 v1.3 Provide unlimited unique counter (HO)
)
Package hobsub Info: Skipping package `hobsub' (already loaded).
Package: letltxmacro 2016/05/16 v1.5 Let assignment for LaTeX macros (HO)
Package: hopatch 2016/05/16 v1.3 Wrapper for package hooks (HO)
Package: xcolor-patch 2016/05/16 xcolor patch
Package: atveryend 2016/05/16 v1.9 Hooks at the very end of document (HO)
Package atveryend Info: \enddocument detected (standard20110627).
Package: atbegshi 2016/06/09 v1.18 At begin shipout hook (HO)
Package: refcount 2016/05/16 v3.5 Data extraction from label references (HO)
Package: hycolor 2016/05/16 v1.8 Color options for hyperref/bookmark (HO)
)
(/usr/share/texlive/texmf-dist/tex/latex/graphics/keyval.sty
Package: keyval 2014/10/28 v1.15 key=value parser (DPC)
\KV@toks@=\toks16
)
(/usr/share/texlive/texmf-dist/tex/generic/ifxetex/ifxetex.sty
Package: ifxetex 2010/09/12 v0.6 Provides ifxetex conditional
)
(/usr/share/texlive/texmf-dist/tex/latex/oberdiek/auxhook.sty
Package: auxhook 2016/05/16 v1.4 Hooks for auxiliary files (HO)
)
(/usr/share/texlive/texmf-dist/tex/latex/oberdiek/kvoptions.sty
Package: kvoptions 2016/05/16 v3.12 Key value format for package options (HO)
)
\@linkdim=\dimen107
\Hy@linkcounter=\count93
\Hy@pagecounter=\count94

(/usr/share/texlive/texmf-dist/tex/latex/hyperref/pd1enc.def
File: pd1enc.def 2018/02/06 v6.86b Hyperref: PDFDocEncoding definition (HO)
)
\Hy@SavedSpaceFactor=\count95

(/usr/share/texlive/texmf-dist/tex/latex/latexconfig/hyperref.cfg
File: hyperref.cfg 2002/06/06 v1.2 hyperref configuration of TeXLive
)

Package hyperref Warning: Values of option `pdfpagelayout':
(hyperref)                * `SinglePage'
(hyperref)                * `OneColumn'
(hyperref)                * `TwoColumnLeft'
(hyperref)                * `TwoColumnRight'
(hyperref)                * `TwoPageLeft' (PDF 1.5)
(hyperref)                * `TwoPageRight' (PDF 1.5)
(hyperref)                * An empty value disables the option.
(hyperref)                Unknown value `useoutlines' on input line 4383.

Package hyperref Info: Option `bookmarks' set `true' on input line 4383.
Package hyperref Info: Option `bookmarksopen' set `true' on input line 4383.
Package hyperref Info: Option `bookmarksnumbered' set `true' on input line 4383
.
Package hyperref Info: Option `breaklinks' set `true' on input line 4383.
Package hyperref Info: Option `linktocpage' set `true' on input line 4383.
Package hyperref Info: Option `colorlinks' set `true' on input line 4383.
Package hyperref Info: Option `hyperindex' set `true' on input line 4383.
Package hyperref Info: Option `hyperfigures' set `true' on input line 4383.
Package hyperref Info: Hyper figures ON on input line 4507.
Package hyperref Info: Link nesting OFF on input line 4514.
Package hyperref Info: Hyper index ON on input line 4517.
Package hyperref Info: Plain pages OFF on input line 4524.
Package hyperref Info: Backreferencing OFF on input line 4529.
Package hyperref Info: Implicit mode ON; LaTeX internals redefined.
Package hyperref Info: Bookmarks ON on input line 4762.
\c@Hy@tempcnt=\count96
(/usr/share/texlive/texmf-dist/tex/latex/url/url.sty
\Urlmuskip=\muskip10
Package: url 2013/09/16  ver 3.4  Verb mode for urls, etc.
)
LaTeX Info: Redefining \url on input line 5115.
\XeTeXLinkMargin=\dimen108
\Fld@menulength=\count97
\Field@Width=\dimen109
\Fld@charsize=\dimen110
Package hyperref Info: Hyper figures ON on input line 6367.
Package hyperref Info: Link nesting OFF on input line 6374.
Package hyperref Info: Hyper index ON on input line 6377.
Package hyperref Info: backreferencing OFF on input line 6384.
Package hyperref Info: Link coloring ON on input line 6387.
Package hyperref Info: Link coloring with OCG OFF on input line 6394.
Package hyperref Info: PDF/A mode OFF on input line 6399.
LaTeX Info: Redefining \ref on input line 6439.
LaTeX Info: Redefining \pageref on input line 6443.
\Hy@abspage=\count98
\c@Item=\count99
\c@Hfootnote=\count100
)
Package hyperref Info: Driver: hpdftex.

(/usr/share/texlive/texmf-dist/tex/latex/hyperref/hpdftex.def
File: hpdftex.def 2018/02/06 v6.86b Hyperref driver for pdfTeX
\Fld@listcount=\count101
\c@bookmark@seq@number=\count102

(/usr/share/texlive/texmf-dist/tex/latex/oberdiek/rerunfilecheck.sty
Package: rerunfilecheck 2016/05/16 v1.8 Rerun checks for auxiliary files (HO)
Package uniquecounter Info: New unique counter `rerunfilecheck' on input line 2
82.
)
\Hy@SectionHShift=\skip55
)
(/usr/share/texlive/texmf-dist/tex/latex/graphics/graphicx.sty
Package: graphicx 2017/06/01 v1.1a Enhanced LaTeX Graphics (DPC,SPQR)
\Gin@req@height=\dimen111
\Gin@req@width=\dimen112
))
(/usr/share/texlive/texmf-dist/tex/latex/geometry/geometry.sty
Package: geometry 2010/09/12 v5.6 Page Geometry
\Gm@cnth=\count103
\Gm@cntv=\count104
\c@Gm@tempcnt=\count105
\Gm@bindingoffset=\dimen113
\Gm@wd@mp=\dimen114
\Gm@odd@mp=\dimen115
\Gm@even@mp=\dimen116
\Gm@layoutwidth=\dimen117
\Gm@layoutheight=\dimen118
\Gm@layouthoffset=\dimen119
\Gm@layoutvoffset=\dimen120
\Gm@dimlist=\toks17
)
(/usr/share/texlive/texmf-dist/tex/latex/oberdiek/pdflscape.sty
Package: pdflscape 2016/05/14 v0.11 Display of landscape pages in PDF (HO)

(/usr/share/texlive/texmf-dist/tex/latex/graphics/lscape.sty
Package: lscape 2000/10/22 v3.01 Landscape Pages (DPC)
)
Package pdflscape Info: Auto-detected driver: pdftex on input line 81.
)
(/usr/share/texlive/texmf-dist/tex/latex/tools/multicol.sty
Package: multicol 2017/04/11 v1.8q multicolumn formatting (FMi)
\c@tracingmulticols=\count106
\mult@box=\box26
\multicol@leftmargin=\dimen121
\c@unbalance=\count107
\c@collectmore=\count108
\doublecol@number=\count109
\multicoltolerance=\count110
\multicolpretolerance=\count111
\full@width=\dimen122
\page@free=\dimen123
\premulticols=\dimen124
\postmulticols=\dimen125
\multicolsep=\skip56
\multicolbaselineskip=\skip57
\partial@page=\box27
\last@line=\box28
\maxbalancingoverflow=\dimen126
\mult@rightbox=\box29
\mult@grightbox=\box30
\mult@gfirstbox=\box31
\mult@firstbox=\box32
\@tempa=\box33
\@tempa=\box34
\@tempa=\box35
\@tempa=\box36
\@tempa=\box37
\@tempa=\box38
\@tempa=\box39
\@tempa=\box40
\@tempa=\box41
\@tempa=\box42
\@tempa=\box43
\@tempa=\box44
\@tempa=\box45
\@tempa=\box46
\@tempa=\box47
\@tempa=\box48
\@tempa=\box49
\c@columnbadness=\count112
\c@finalcolumnbadness=\count113
\last@try=\dimen127
\multicolovershoot=\dimen128
\multicolundershoot=\dimen129
\mult@nat@firstbox=\box50
\colbreak@box=\box51
\mc@col@check@num=\count114
)
(/usr/share/texlive/texmf-dist/tex/latex/xcolor/xcolor.sty
Package: xcolor 2016/05/11 v2.12 LaTeX color extensions (UK)

(/usr/share/texlive/texmf-dist/tex/latex/graphics-cfg/color.cfg
File: color.cfg 2016/01/02 v1.6 sample color configuration
)
Package xcolor Info: Driver file: pdftex.def on input line 225.
LaTeX Info: Redefining \color on input line 709.
Package xcolor Info: Model `cmy' substituted by `cmy0' on input line 1348.
Package xcolor Info: Model `hsb' substituted by `rgb' on input line 1352.
Package xcolor Info: Model `RGB' extended on input line 1364.
Package xcolor Info: Model `HTML' substituted by `rgb' on input line 1366.
Package xcolor Info: Model `Hsb' substituted by `hsb' on input line 1367.
Package xcolor Info: Model `tHsb' substituted by `hsb' on input line 1368.
Package xcolor Info: Model `HSB' substituted by `hsb' on input line 1369.
Package xcolor Info: Model `Gray' substituted by `gray' on input line 1370.
Package xcolor Info: Model `wave' substituted by `hsb' on input line 1371.

(/usr/share/texlive/texmf-dist/tex/latex/graphics/dvipsnam.def
File: dvipsnam.def 2016/06/17 v3.0m Driver-dependent file (DPC,SPQR)
))
(/usr/share/texlive/texmf-dist/tex/latex/setspace/setspace.sty
Package: setspace 2011/12/19 v6.7a set line spacing
)
(/usr/share/texlive/texmf-dist/tex/latex/amsmath/amsmath.sty
Package: amsmath 2017/09/02 v2.17a AMS math features
\@mathmargin=\skip58

For additional information on amsmath, use the `?' option.
(/usr/share/texlive/texmf-dist/tex/latex/amsmath/amstext.sty
Package: amstext 2000/06/29 v2.01 AMS text

(/usr/share/texlive/texmf-dist/tex/latex/amsmath/amsgen.sty
File: amsgen.sty 1999/11/30 v2.0 generic functions
\@emptytoks=\toks18
\ex@=\dimen130
))
(/usr/share/texlive/texmf-dist/tex/latex/amsmath/amsbsy.sty
Package: amsbsy 1999/11/29 v1.2d Bold Symbols
\pmbraise@=\dimen131
)
(/usr/share/texlive/texmf-dist/tex/latex/amsmath/amsopn.sty
Package: amsopn 2016/03/08 v2.02 operator names
)
\inf@bad=\count115
LaTeX Info: Redefining \frac on input line 213.
\uproot@=\count116
\leftroot@=\count117
LaTeX Info: Redefining \overline on input line 375.
\classnum@=\count118
\DOTSCASE@=\count119
LaTeX Info: Redefining \ldots on input line 472.
LaTeX Info: Redefining \dots on input line 475.
LaTeX Info: Redefining \cdots on input line 596.
\Mathstrutbox@=\box52
\strutbox@=\box53
\big@size=\dimen132
LaTeX Font Info:    Redeclaring font encoding OML on input line 712.
LaTeX Font Info:    Redeclaring font encoding OMS on input line 713.
\macc@depth=\count120
\c@MaxMatrixCols=\count121
\dotsspace@=\muskip11
\c@parentequation=\count122
\dspbrk@lvl=\count123
\tag@help=\toks19
\row@=\count124
\column@=\count125
\maxfields@=\count126
\andhelp@=\toks20
\eqnshift@=\dimen133
\alignsep@=\dimen134
\tagshift@=\dimen135
\tagwidth@=\dimen136
\totwidth@=\dimen137
\lineht@=\dimen138
\@envbody=\toks21
\multlinegap=\skip59
\multlinetaggap=\skip60
\mathdisplay@stack=\toks22
LaTeX Info: Redefining \[ on input line 2817.
LaTeX Info: Redefining \] on input line 2818.
)
(/usr/share/texlive/texmf-dist/tex/latex/arydshln/arydshln.sty
Package: arydshln 2016/04/28 v1.73 
\dashlinedash=\dimen139
\dashlinegap=\dimen140
\adl@box=\box54
\adl@height=\dimen141
\adl@heightsave=\dimen142
\adl@depth=\dimen143
\adl@depthsave=\dimen144
\adl@finaldepth=\dimen145
\adl@columns=\count127
\adl@ncol=\count128
\adl@currentcolumn=\count129
\adl@currentcolumnsave=\count130
\adl@totalheight=\count131
\adl@totalheightsave=\count132
\adl@dash=\count133
\adl@gap=\count134
\adl@cla=\count135
\adl@clb=\count136
\adl@everyvbox=\toks23
\adl@LTpagetotal=\dimen146
)
(/usr/share/texlive/texmf-dist/tex/latex/multirow/multirow.sty
Package: multirow 2016/11/25 v2.2 Span multiple rows of a table
\multirow@colwidth=\skip61
\multirow@cntb=\count137
\multirow@dima=\skip62
\bigstrutjot=\dimen147
)
(/usr/share/texlive/texmf-dist/tex/latex/caption/caption.sty
Package: caption 2016/02/21 v3.3-144 Customizing captions (AR)

(/usr/share/texlive/texmf-dist/tex/latex/caption/caption3.sty
Package: caption3 2016/05/22 v1.7-166 caption3 kernel (AR)
Package caption3 Info: TeX engine: e-TeX on input line 67.
\captionmargin=\dimen148
\captionmargin@=\dimen149
\captionwidth=\dimen150
\caption@tempdima=\dimen151
\caption@indent=\dimen152
\caption@parindent=\dimen153
\caption@hangindent=\dimen154
)
\c@ContinuedFloat=\count138
Package caption Info: hyperref package is loaded.
)
(/usr/share/texlive/texmf-dist/tex/latex/caption/subcaption.sty
Package: subcaption 2016/05/22 v1.1-161 Sub-captions (AR)
\c@subfigure=\count139
\c@subtable=\count140
)
(./StyleFiles/watermark.sty

LaTeX Warning: You have requested package `StyleFiles/watermark',
               but the package provides `watermark'.

Package: watermark 2002/01/29 v1.00 Watermarks (NCC)
) (/usr/share/texlive/texmf-dist/tex/latex/graphics/epsfig.sty
Package: epsfig 2017/06/25 v1.7b (e)psfig emulation (SPQR)
\epsfxsize=\dimen155
\epsfysize=\dimen156
)
(/usr/share/texlive/texmf-dist/tex/latex/tools/enumerate.sty
Package: enumerate 2015/07/23 v3.00 enumerate extensions (DPC)
\@enLab=\toks24
)
(/usr/share/texlive/texmf-dist/tex/latex/amscls/amsthm.sty
Package: amsthm 2017/10/31 v2.20.4
\thm@style=\toks25
\thm@bodyfont=\toks26
\thm@headfont=\toks27
\thm@notefont=\toks28
\thm@headpunct=\toks29
\thm@preskip=\skip63
\thm@postskip=\skip64
\thm@headsep=\skip65
\dth@everypar=\toks30
)
(/usr/share/texlive/texmf-dist/tex/latex/amsmath/amscd.sty
Package: amscd 2017/04/14 v2.1 AMS Commutative Diagrams
\athelp@=\toks31
\minaw@=\dimen157
\bigaw@=\dimen158
\minCDarrowwidth=\dimen159
)
(/usr/share/texlive/texmf-dist/tex/latex/graphics/rotating.sty
Package: rotating 2016/08/11 v2.16d rotated objects in LaTeX
\c@r@tfl@t=\count141
\rotFPtop=\skip66
\rotFPbot=\skip67
\rot@float@box=\box55
\rot@mess@toks=\toks32
)
(/usr/share/texlive/texmf-dist/tex/latex/algorithms/algorithm.sty
Package: algorithm 2009/08/24 v0.1 Document Style `algorithm' - floating enviro
nment

(/usr/share/texlive/texmf-dist/tex/latex/float/float.sty
Package: float 2001/11/08 v1.3d Float enhancements (AL)
\c@float@type=\count142
\float@exts=\toks33
\float@box=\box56
\@float@everytoks=\toks34
\@floatcapt=\box57
)
\@float@every@algorithm=\toks35
\c@algorithm=\count143
)
(/usr/share/texlive/texmf-dist/tex/latex/algorithms/algorithmic.sty
Package: algorithmic 2009/08/24 v0.1 Document Style `algorithmic'
\c@ALC@unique=\count144
\c@ALC@line=\count145
\c@ALC@rem=\count146
\c@ALC@depth=\count147
\ALC@tlm=\skip68
\algorithmicindent=\skip69
)
(/usr/share/texlive/texmf-dist/tex/latex/base/fontenc.sty
Package: fontenc 2017/04/05 v2.0i Standard LaTeX package

(/usr/share/texlive/texmf-dist/tex/latex/base/t1enc.def
File: t1enc.def 2017/04/05 v2.0i Standard LaTeX file
LaTeX Font Info:    Redeclaring font encoding T1 on input line 48.
))
(/usr/share/texlive/texmf-dist/tex/latex/base/alltt.sty
Package: alltt 1997/06/16 v2.0g defines alltt environment
)
(/usr/share/texlive/texmf-dist/tex/latex/tools/array.sty
Package: array 2016/10/06 v2.4d Tabular extension package (FMi)
\col@sep=\dimen160
\extrarowheight=\dimen161
\NC@list=\toks36
\extratabsurround=\skip70
\backup@length=\skip71
) (./report.aux
(./Certificate/certificate.aux) (./Declaration/declaration.aux)
(./Acknowledgement/acknowledgement.aux) (./Abstract/abstract.aux))
\openout1 = `report.aux'.

LaTeX Font Info:    Checking defaults for OML/cmm/m/it on input line 79.
LaTeX Font Info:    ... okay on input line 79.
LaTeX Font Info:    Checking defaults for T1/cmr/m/n on input line 79.
LaTeX Font Info:    ... okay on input line 79.
LaTeX Font Info:    Checking defaults for OT1/cmr/m/n on input line 79.
LaTeX Font Info:    ... okay on input line 79.
LaTeX Font Info:    Checking defaults for OMS/cmsy/m/n on input line 79.
LaTeX Font Info:    ... okay on input line 79.
LaTeX Font Info:    Checking defaults for OMX/cmex/m/n on input line 79.
LaTeX Font Info:    ... okay on input line 79.
LaTeX Font Info:    Checking defaults for U/cmr/m/n on input line 79.
LaTeX Font Info:    ... okay on input line 79.
LaTeX Font Info:    Checking defaults for PD1/pdf/m/n on input line 79.
LaTeX Font Info:    ... okay on input line 79.

(/usr/share/texlive/texmf-dist/tex/context/base/mkii/supp-pdf.mkii
[Loading MPS to PDF converter (version 2006.09.02).]
\scratchcounter=\count148
\scratchdimen=\dimen162
\scratchbox=\box58
\nofMPsegments=\count149
\nofMParguments=\count150
\everyMPshowfont=\toks37
\MPscratchCnt=\count151
\MPscratchDim=\dimen163
\MPnumerator=\count152
\makeMPintoPDFobject=\count153
\everyMPtoPDFconversion=\toks38
) (/usr/share/texlive/texmf-dist/tex/latex/oberdiek/epstopdf-base.sty
Package: epstopdf-base 2016/05/15 v2.6 Base part for package epstopdf

(/usr/share/texlive/texmf-dist/tex/latex/oberdiek/grfext.sty
Package: grfext 2016/05/16 v1.2 Manage graphics extensions (HO)
)
Package epstopdf-base Info: Redefining graphics rule for `.eps' on input line 4
38.
Package grfext Info: Graphics extension search list:
(grfext)             [.png,.jpg,.pdf,.eps]
(grfext)             \AppendGraphicsExtensions on input line 456.

(/usr/share/texlive/texmf-dist/tex/latex/latexconfig/epstopdf-sys.cfg
File: epstopdf-sys.cfg 2010/07/13 v1.3 Configuration of (r)epstopdf for TeX Liv
e
))
\AtBeginShipoutBox=\box59
Package hyperref Info: Link coloring ON on input line 79.

(/usr/share/texlive/texmf-dist/tex/latex/hyperref/nameref.sty
Package: nameref 2016/05/21 v2.44 Cross-referencing by name of section

(/usr/share/texlive/texmf-dist/tex/generic/oberdiek/gettitlestring.sty
Package: gettitlestring 2016/05/16 v1.5 Cleanup title references (HO)
)
\c@section@level=\count154
)
LaTeX Info: Redefining \ref on input line 79.
LaTeX Info: Redefining \pageref on input line 79.
LaTeX Info: Redefining \nameref on input line 79.

(./report.out) (./report.out)
\@outlinefile=\write4
\openout4 = `report.out'.


*geometry* driver: auto-detecting
*geometry* detected driver: pdftex
*geometry* verbose mode - [ preamble ] result:
* driver: pdftex
* paper: <default>
* layout: <same size as paper>
* layoutoffset:(h,v)=(0.0pt,0.0pt)
* modes: 
* h-part:(L,W,R)=(86.72377pt, 438.51411pt, 72.26999pt)
* v-part:(T,H,B)=(86.72377pt, 671.5993pt, 86.72377pt)
* \paperwidth=597.50787pt
* \paperheight=845.04684pt
* \textwidth=438.51411pt
* \textheight=671.5993pt
* \oddsidemargin=14.45378pt
* \evensidemargin=14.45378pt
* \topmargin=-53.19472pt
* \headheight=39.19576pt
* \headsep=28.45274pt
* \topskip=12.0pt
* \footskip=67.14851pt
* \marginparwidth=85.35826pt
* \marginparsep=2.84526pt
* \columnsep=10.0pt
* \skip\footins=10.8pt plus 4.0pt minus 2.0pt
* \hoffset=0.0pt
* \voffset=0.0pt
* \mag=1000
* \@twocolumnfalse
* \@twosidefalse
* \@mparswitchfalse
* \@reversemarginfalse
* (1in=72.27pt=25.4mm, 1cm=28.453pt)

Package caption Info: Begin \AtBeginDocument code.
Package caption Info: float package is loaded.
Package caption Info: rotating package is loaded.
Package caption Info: End \AtBeginDocument code.
Package pdftex.def Info: Option `bb' equivalent to `viewport' with pdftex drive
r on input line 84.
<ThesisFigs/vtu_logo.jpg, id=356, 451.6875pt x 451.6875pt>
File: ThesisFigs/vtu_logo.jpg Graphic file (type jpg)
<use ThesisFigs/vtu_logo.jpg>
Package pdftex.def Info: ThesisFigs/vtu_logo.jpg  used on input line 84.
(pdftex.def)             Requested size: 71.13188pt x 71.12923pt.
LaTeX Font Info:    Try loading font information for U+msa on input line 84.
(/usr/share/texlive/texmf-dist/tex/latex/amsfonts/umsa.fd
File: umsa.fd 2013/01/14 v3.01 AMS symbols A
)
LaTeX Font Info:    Try loading font information for U+msb on input line 84.

(/usr/share/texlive/texmf-dist/tex/latex/amsfonts/umsb.fd
File: umsb.fd 2013/01/14 v3.01 AMS symbols B
)
Package pdftex.def Info: Option `bb' equivalent to `viewport' with pdftex drive
r on input line 84.
<ThesisFigs/College_logo.png, id=357, 89.6148pt x 89.133pt>
File: ThesisFigs/College_logo.png Graphic file (type png)
<use ThesisFigs/College_logo.png>
Package pdftex.def Info: ThesisFigs/College_logo.png  used on input line 84.
(pdftex.def)             Requested size: 71.13188pt x 64.19377pt.
 [1

{/var/lib/texmf/fonts/map/pdftex/updmap/pdftex.map} <./ThesisFigs/vtu_logo.jpg>
 <./ThesisFigs/College_logo.png>]
\openout2 = `Certificate/certificate.aux'.

 (./Certificate/certificate.tex
<ThesisFigs/../ThesisFigs/College_logo.png, id=372, 89.6148pt x 89.133pt>
File: ThesisFigs/../ThesisFigs/College_logo.png Graphic file (type png)
<use ThesisFigs/../ThesisFigs/College_logo.png>
Package pdftex.def Info: ThesisFigs/../ThesisFigs/College_logo.png  used on inp
ut line 8.
(pdftex.def)             Requested size: 89.61458pt x 89.13277pt.
) [1

 <./ThesisFigs/../ThesisFigs/College_logo.png>]
\openout2 = `Declaration/declaration.aux'.

 (./Declaration/declaration.tex
File: ThesisFigs/../ThesisFigs/College_logo.png Graphic file (type png)
<use ThesisFigs/../ThesisFigs/College_logo.png>
Package pdftex.def Info: ThesisFigs/../ThesisFigs/College_logo.png  used on inp
ut line 8.
(pdftex.def)             Requested size: 89.61458pt x 89.13277pt.
LaTeX Font Info:    Try loading font information for OMS+cmr on input line 19.

(/usr/share/texlive/texmf-dist/tex/latex/base/omscmr.fd
File: omscmr.fd 2014/09/29 v2.5h Standard LaTeX font definitions
)
LaTeX Font Info:    Font shape `OMS/cmr/m/n' in size <12> not available
(Font)              Font shape `OMS/cmsy/m/n' tried instead on input line 19.
) [2


]
\openout2 = `Acknowledgement/acknowledgement.aux'.


(./Acknowledgement/acknowledgement.tex [3


])
\openout2 = `Abstract/abstract.aux'.

 (./Abstract/abstract.tex [4



]
[5]) (./report.toc [6
\FN@pp@footnotehinttrue 


] [7])
\tf@toc=\write5
\openout5 = `report.toc'.

 [8] (./report.lof)
\tf@lof=\write6
\openout6 = `report.lof'.

 [9


]
Chapter 1.
pdfTeX warning (ext4): destination with the same identifier (name{page.1}) has 
been already used, duplicate ignored
<to be read again> 
                   \relax 
l.124     \paragraph
                    {} [1


] [2] [3] [4] [5] [6] [7] [8]
<images/hearthistogram.png, id=600, 1312.905pt x 861.2175pt>
File: images/hearthistogram.png Graphic file (type png)
<use images/hearthistogram.png>
Package pdftex.def Info: images/hearthistogram.png  used on input line 253.
(pdftex.def)             Requested size: 525.15271pt x 344.4809pt.

Overfull \hbox (86.6386pt too wide) in paragraph at lines 253--254
 [] 
 []

[9] [10 <./images/hearthistogram.png>]
<images/heartcount.png, id=611, 839.135pt x 600.2425pt>
File: images/heartcount.png Graphic file (type png)
<use images/heartcount.png>
Package pdftex.def Info: images/heartcount.png  used on input line 269.
(pdftex.def)             Requested size: 335.64804pt x 240.09274pt.
 [11 <./images/heartcount.png>]
<images/diabeteshistogram.jpeg, id=618, 701.62125pt x 685.56125pt>
File: images/diabeteshistogram.jpeg Graphic file (type jpg)
<use images/diabeteshistogram.jpeg>
Package pdftex.def Info: images/diabeteshistogram.jpeg  used on input line 294.

(pdftex.def)             Requested size: 420.97598pt x 411.33992pt.
 [12 <./images/diabeteshistogram.jpeg>]
<images/diabetescount.png, id=624, 395.4775pt x 260.975pt>
File: images/diabetescount.png Graphic file (type png)
<use images/diabetescount.png>
Package pdftex.def Info: images/diabetescount.png  used on input line 312.
(pdftex.def)             Requested size: 237.28833pt x 156.5862pt.
 [13 <./images/diabetescount.png (PNG copy)>]
[14]
Chapter 2.
<images/sdlc.png, id=637, 416.30531pt x 318.43968pt>
File: images/sdlc.png Graphic file (type png)
<use images/sdlc.png>
Package pdftex.def Info: images/sdlc.png  used on input line 359.
(pdftex.def)             Requested size: 333.0447pt x 254.75209pt.
[15

] [16 <./images/sdlc.png>]
<images/df.png, id=649, 475.7775pt x 500.46976pt>
File: images/df.png Graphic file (type png)
<use images/df.png>
Package pdftex.def Info: images/df.png  used on input line 394.
(pdftex.def)             Requested size: 475.77632pt x 500.46852pt.

Overfull \hbox (37.2622pt too wide) in paragraph at lines 394--395
 [] 
 []

[17] [18 <./images/df.png>]
<images/cycle.jpg, id=661, 508.90125pt x 340.27126pt>
File: images/cycle.jpg Graphic file (type jpg)
<use images/cycle.jpg>
Package pdftex.def Info: images/cycle.jpg  used on input line 426.
(pdftex.def)             Requested size: 508.90001pt x 340.27042pt.

Overfull \hbox (70.3859pt too wide) in paragraph at lines 426--427
 [] 
 []

[19] [20 <./images/cycle.jpg>]
<images/chotu.png, id=674, 307.1475pt x 139.27031pt>
File: images/chotu.png Graphic file (type png)
<use images/chotu.png>
Package pdftex.def Info: images/chotu.png  used on input line 446.
(pdftex.def)             Requested size: 215.00177pt x 97.48854pt.
 [21 <./images/chotu.png>] [22]
<images/animesh_chotu.png, id=687, 964.60374pt x 449.68pt>
File: images/animesh_chotu.png Graphic file (type png)
<use images/animesh_chotu.png>
Package pdftex.def Info: images/animesh_chotu.png  used on input line 487.
(pdftex.def)             Requested size: 482.30069pt x 224.83945pt.

Overfull \hbox (43.78658pt too wide) in paragraph at lines 487--488
 [] 
 []

[23 <./images/animesh_chotu.png>] [24] [25]
Chapter 3.
<Screenshots/home1.jpg, id=704, 1846.9pt x 953.5625pt>
File: Screenshots/home1.jpg Graphic file (type jpg)
<use Screenshots/home1.jpg>
Package pdftex.def Info: Screenshots/home1.jpg  used on input line 533.
(pdftex.def)             Requested size: 483.69684pt x 249.72462pt.
[26

 <./Screenshots/home1.jpg>]

LaTeX Warning: File `Screenshots/home2.PNG' not found on input line 541.


! Package pdftex.def Error: File `Screenshots/home2.PNG' not found: using draft
 setting.

See the pdftex.def package documentation for explanation.
Type  H <return>  for immediate help.
 ...                                              
                                                  
l.541 ...aphics[width=17cm]{Screenshots/home2.PNG}
                                                  
Try typing  <return>  to proceed.
If that doesn't work, type  X <return>  to quit.

LaTeX Font Info:    Try loading font information for T1+cmtt on input line 541.

(/usr/share/texlive/texmf-dist/tex/latex/base/t1cmtt.fd
File: t1cmtt.fd 2014/09/29 v2.5h Standard LaTeX font definitions
)
Overfull \hbox (45.18272pt too wide) in paragraph at lines 541--542
 [] 
 []


LaTeX Warning: File `Screenshots/home3.PNG' not found on input line 548.


! Package pdftex.def Error: File `Screenshots/home3.PNG' not found: using draft
 setting.

See the pdftex.def package documentation for explanation.
Type  H <return>  for immediate help.
 ...                                              
                                                  
l.548 ...th=10cm,scale=0.5]{Screenshots/home3.PNG}
                                                  
Try typing  <return>  to proceed.
If that doesn't work, type  X <return>  to quit.

<Screenshots/sign-up.jpg, id=709, 1846.9pt x 979.66pt>
File: Screenshots/sign-up.jpg Graphic file (type jpg)
<use Screenshots/sign-up.jpg>
Package pdftex.def Info: Screenshots/sign-up.jpg  used on input line 555.
(pdftex.def)             Requested size: 483.69684pt x 256.55919pt.

LaTeX Warning: File `Screenshots/login.PNG' not found on input line 556.


! Package pdftex.def Error: File `Screenshots/login.PNG' not found: using draft
 setting.

See the pdftex.def package documentation for explanation.
Type  H <return>  for immediate help.
 ...                                              
                                                  
l.556 ...aphics[width=17cm]{Screenshots/login.PNG}
                                                  
Try typing  <return>  to proceed.
If that doesn't work, type  X <return>  to quit.


Overfull \hbox (45.18272pt too wide) in paragraph at lines 555--557
 [] 
 []


Overfull \hbox (45.18272pt too wide) in paragraph at lines 555--557
 [] 
 []


LaTeX Warning: Float too large for page by 108.29033pt on input line 559.


LaTeX Warning: File `Screenshots/description-predict.PNG' not found on input li
ne 563.


! Package pdftex.def Error: File `Screenshots/description-predict.PNG' not foun
d: using draft setting.

See the pdftex.def package documentation for explanation.
Type  H <return>  for immediate help.
 ...                                              
                                                  
l.563 ...7cm]{Screenshots/description-predict.PNG}
                                                  
Try typing  <return>  to proceed.
If that doesn't work, type  X <return>  to quit.


Overfull \hbox (45.18272pt too wide) in paragraph at lines 563--564
 [] 
 []


LaTeX Warning: File `Screenshots/heart-form.PNG' not found on input line 570.


! Package pdftex.def Error: File `Screenshots/heart-form.PNG' not found: using 
draft setting.

See the pdftex.def package documentation for explanation.
Type  H <return>  for immediate help.
 ...                                              
                                                  
l.570 ...s[width=17cm]{Screenshots/heart-form.PNG}
                                                  
Try typing  <return>  to proceed.
If that doesn't work, type  X <return>  to quit.


Overfull \hbox (45.18272pt too wide) in paragraph at lines 570--571
 [] 
 []


LaTeX Warning: File `Screenshots/heart-result.PNG' not found on input line 577.



! Package pdftex.def Error: File `Screenshots/heart-result.PNG' not found: usin
g draft setting.

See the pdftex.def package documentation for explanation.
Type  H <return>  for immediate help.
 ...                                              
                                                  
l.577 ...width=17cm]{Screenshots/heart-result.PNG}
                                                  
Try typing  <return>  to proceed.
If that doesn't work, type  X <return>  to quit.


Overfull \hbox (45.18272pt too wide) in paragraph at lines 577--578
 [] 
 []


LaTeX Warning: File `Screenshots/diabetes-form.PNG' not found on input line 584
.


! Package pdftex.def Error: File `Screenshots/diabetes-form.PNG' not found: usi
ng draft setting.

See the pdftex.def package documentation for explanation.
Type  H <return>  for immediate help.
 ...                                              
                                                  
l.584 ...idth=17cm]{Screenshots/diabetes-form.PNG}
                                                  
Try typing  <return>  to proceed.
If that doesn't work, type  X <return>  to quit.


Overfull \hbox (45.18272pt too wide) in paragraph at lines 584--585
 [] 
 []


LaTeX Warning: File `Screenshots/diabetes-result.PNG' not found on input line 5
91.


! Package pdftex.def Error: File `Screenshots/diabetes-result.PNG' not found: u
sing draft setting.

See the pdftex.def package documentation for explanation.
Type  H <return>  for immediate help.
 ...                                              
                                                  
l.591 ...th=17cm]{Screenshots/diabetes-result.PNG}
                                                  
Try typing  <return>  to proceed.
If that doesn't work, type  X <return>  to quit.


Overfull \hbox (45.18272pt too wide) in paragraph at lines 591--592
 [] 
 []


LaTeX Warning: File `Screenshots/profile.PNG' not found on input line 598.


! Package pdftex.def Error: File `Screenshots/profile.PNG' not found: using dra
ft setting.

See the pdftex.def package documentation for explanation.
Type  H <return>  for immediate help.
 ...                                              
                                                  
l.598 ...hics[width=17cm]{Screenshots/profile.PNG}
                                                  
Try typing  <return>  to proceed.
If that doesn't work, type  X <return>  to quit.


Overfull \hbox (45.18272pt too wide) in paragraph at lines 598--599
 [] 
 []

[27] [28] [29] [30 <./Screenshots/sign-up.jpg>] [31] [32] [33] [34] [35]
[36]
<images/naive_bayes.png, id=754, 1069.9975pt x 523.9575pt>
File: images/naive_bayes.png Graphic file (type png)
<use images/naive_bayes.png>
Package pdftex.def Info: images/naive_bayes.png  used on input line 617.
(pdftex.def)             Requested size: 426.79134pt x 208.99565pt.
 [37 <./images/naive_bayes.png>]
<images/decision_tree.png, id=760, 919.435pt x 907.39pt>
File: images/decision_tree.png Graphic file (type png)
<use images/decision_tree.png>
Package pdftex.def Info: images/decision_tree.png  used on input line 638.
(pdftex.def)             Requested size: 490.11815pt x 483.69684pt.

Overfull \hbox (51.60403pt too wide) in paragraph at lines 638--639
 [] 
 []

[38] [39 <./images/decision_tree.png>]
<images/svm.png, id=770, 903.375pt x 883.3pt>
File: images/svm.png Graphic file (type png)
<use images/svm.png>
Package pdftex.def Info: images/svm.png  used on input line 652.
(pdftex.def)             Requested size: 398.33858pt x 389.48885pt.
 [40] [41 <./images/svm.png>]
<images/logistic_regression.png, id=786, 825.0825pt x 1160.335pt>
File: images/logistic_regression.png Graphic file (type png)
<use images/logistic_regression.png>
Package pdftex.def Info: images/logistic_regression.png  used on input line 672
.
(pdftex.def)             Requested size: 398.33858pt x 560.19453pt.
 [42]
[43 <./images/logistic_regression.png>] [44]
<images/knn.png, id=799, 728.7225pt x 983.675pt>
File: images/knn.png Graphic file (type png)
<use images/knn.png>
Package pdftex.def Info: images/knn.png  used on input line 726.
(pdftex.def)             Requested size: 426.79134pt x 576.1005pt.
<images/mlpnn.png, id=800, 1025.8325pt x 590.205pt>
File: images/mlpnn.png Graphic file (type png)
<use images/mlpnn.png>
Package pdftex.def Info: images/mlpnn.png  used on input line 737.
(pdftex.def)             Requested size: 341.43306pt x 196.44333pt.
 [45] [46 <./images/knn.png>]
[47 <./images/mlpnn.png>] [48]
<images/backpropogation.png, id=826, 556.0775pt x 734.745pt>
File: images/backpropogation.png Graphic file (type png)
<use images/backpropogation.png>
Package pdftex.def Info: images/backpropogation.png  used on input line 769.
(pdftex.def)             Requested size: 227.62204pt x 300.75409pt.
<images/neural_network.png, id=827, 396.48125pt x 513.92pt>
File: images/neural_network.png Graphic file (type png)
<use images/neural_network.png>
Package pdftex.def Info: images/neural_network.png  used on input line 776.
(pdftex.def)             Requested size: 284.5346pt x 569.10132pt.
 [49 <./images/backpropogation.png>]
<images/uml_diagram.png, id=837, 855.195pt x 492.33937pt>
File: images/uml_diagram.png Graphic file (type png)
<use images/uml_diagram.png>
Package pdftex.def Info: images/uml_diagram.png  used on input line 785.
(pdftex.def)             Requested size: 426.79134pt x 245.7033pt.
 [50 <./images/neural_network.png>] [51 <./images/uml_diagram.png>]
<images/hdDataset.png, id=848, 513.92pt x 203.76125pt>
File: images/hdDataset.png Graphic file (type png)
<use images/hdDataset.png>
Package pdftex.def Info: images/hdDataset.png  used on input line 804.
(pdftex.def)             Requested size: 426.79134pt x 169.21817pt.
 [52 <./images/hdDataset.png>] [53] [54] [55] [56]
Chapter 4.
[57

] [58] [59] [60] [61]

LaTeX Warning: File `images/datacleaning.png' not found on input line 1005.


! Package pdftex.def Error: File `images/datacleaning.png' not found: using dra
ft setting.

See the pdftex.def package documentation for explanation.
Type  H <return>  for immediate help.
 ...                                              
                                                  
l.1005 ...hics[width=8cm]{images/datacleaning.png}
                                                  
Try typing  <return>  to proceed.
If that doesn't work, type  X <return>  to quit.

[62] [63] [64] [65]
Chapter 5.
[66

] [67] [68] [69] [70] [71]
Chapter 6.
[72

] [73] [74

] [75]
Package atveryend Info: Empty hook `BeforeClearDocument' on input line 1261.
 [76

]
Package atveryend Info: Empty hook `AfterLastShipout' on input line 1261.
 (./report.aux (./Certificate/certificate.aux)
(./Declaration/declaration.aux) (./Acknowledgement/acknowledgement.aux)
(./Abstract/abstract.aux))
Package atveryend Info: Executing hook `AtVeryEndDocument' on input line 1261.
Package atveryend Info: Executing hook `AtEndAfterFileList' on input line 1261.



Package rerunfilecheck Warning: File `report.out' has changed.
(rerunfilecheck)                Rerun to get outlines right
(rerunfilecheck)                or use package `bookmark'.

Package rerunfilecheck Info: Checksums for `report.out':
(rerunfilecheck)             Before: 8B88C3A450286DC396D2645FCD78953C;6838
(rerunfilecheck)             After:  1EE0A4B0E70EADFBFF29414E70AA910C;6818.
Package atveryend Info: Empty hook `AtVeryVeryEnd' on input line 1261.
 ) 
Here is how much of TeX's memory you used:
 11004 strings out of 492982
 159227 string characters out of 6134895
 271372 words of memory out of 5000000
 13986 multiletter control sequences out of 15000+600000
 19948 words of font info for 48 fonts, out of 8000000 for 9000
 1141 hyphenation exceptions out of 8191
 36i,12n,48p,1832b,618s stack positions out of 5000i,500n,10000p,200000b,80000s
{/usr/share/texmf/fonts/enc/dvips/cm-super/cm-super-t1.enc}</usr/share/texliv
e/texmf-dist/fonts/type1/public/amsfonts/cm/cmex10.pfb></usr/share/texlive/texm
f-dist/fonts/type1/public/amsfonts/cm/cmmi12.pfb></usr/share/texlive/texmf-dist
/fonts/type1/public/amsfonts/cm/cmmi6.pfb></usr/share/texlive/texmf-dist/fonts/
type1/public/amsfonts/cm/cmmi8.pfb></usr/share/texlive/texmf-dist/fonts/type1/p
ublic/amsfonts/cm/cmr12.pfb></usr/share/texlive/texmf-dist/fonts/type1/public/a
msfonts/cm/cmr6.pfb></usr/share/texlive/texmf-dist/fonts/type1/public/amsfonts/
cm/cmr8.pfb></usr/share/texlive/texmf-dist/fonts/type1/public/amsfonts/cm/cmsy1
0.pfb></usr/share/texlive/texmf-dist/fonts/type1/public/amsfonts/cm/cmsy6.pfb><
/usr/share/texlive/texmf-dist/fonts/type1/public/amsfonts/cm/cmsy8.pfb></usr/sh
are/texmf/fonts/type1/public/cm-super/sfbi1200.pfb></usr/share/texmf/fonts/type
1/public/cm-super/sfbx1000.pfb></usr/share/texmf/fonts/type1/public/cm-super/sf
bx1095.pfb></usr/share/texmf/fonts/type1/public/cm-super/sfbx1200.pfb></usr/sha
re/texmf/fonts/type1/public/cm-super/sfbx1440.pfb></usr/share/texmf/fonts/type1
/public/cm-super/sfbx1728.pfb></usr/share/texmf/fonts/type1/public/cm-super/sfb
x2074.pfb></usr/share/texmf/fonts/type1/public/cm-super/sfbx2488.pfb></usr/shar
e/texmf/fonts/type1/public/cm-super/sfrm1095.pfb></usr/share/texmf/fonts/type1/
public/cm-super/sfrm1200.pfb></usr/share/texmf/fonts/type1/public/cm-super/sfrm
1440.pfb></usr/share/texmf/fonts/type1/public/cm-super/sfti1200.pfb></usr/share
/texmf/fonts/type1/public/cm-super/sfti1440.pfb></usr/share/texmf/fonts/type1/p
ublic/cm-super/sftt1200.pfb>
Output written on report.pdf (86 pages, 3002268 bytes).
PDF statistics:
 1150 PDF objects out of 1200 (max. 8388607)
 999 compressed objects within 10 object streams
 296 named destinations out of 1000 (max. 500000)
 825 words of extra memory for PDF output out of 10000 (max. 10000000)

