\BOOKMARK [0][]{figure.caption.3}{Acknowledgements}{}% 1
\BOOKMARK [0][]{figure.caption.3}{Abstract}{}% 2
\BOOKMARK [0][]{chapter*.4}{List of Figures}{}% 3
\BOOKMARK [0][]{chapter.1}{1 Introduction}{}% 4
\BOOKMARK [1][]{section.1.1}{1.1 Background Study}{chapter.1}% 5
\BOOKMARK [2][]{subsection.1.1.1}{1.1.1 Motivation}{section.1.1}% 6
\BOOKMARK [2][]{subsection.1.1.2}{1.1.2 Social Impact}{section.1.1}% 7
\BOOKMARK [1][]{section.1.2}{1.2 Related Work}{chapter.1}% 8
\BOOKMARK [2][]{subsection.1.2.1}{1.2.1 Effective Heart Disease Prediction System}{section.1.2}% 9
\BOOKMARK [2][]{subsection.1.2.2}{1.2.2 Analysis and Prediction the Occurrence of Coronary Illness Using Information Mining Techniques}{section.1.2}% 10
\BOOKMARK [3][]{subsubsection.1.2.2.1}{1.2.2.1 Particle swarm optimization\(PSO\)}{subsection.1.2.2}% 11
\BOOKMARK [3][]{subsubsection.1.2.2.2}{1.2.2.2 Naive Bayes Classifier}{subsection.1.2.2}% 12
\BOOKMARK [2][]{subsection.1.2.3}{1.2.3 Datasets}{section.1.2}% 13
\BOOKMARK [3][]{subsubsection.1.2.3.1}{1.2.3.1 Cleveland Heart Dataset}{subsection.1.2.3}% 14
\BOOKMARK [3][]{subsubsection.1.2.3.2}{1.2.3.2 Pima Indians Diabetes Dataset}{subsection.1.2.3}% 15
\BOOKMARK [1][]{section.1.3}{1.3 Summary of Gaps identified}{chapter.1}% 16
\BOOKMARK [1][]{section.1.4}{1.4 Project problem statement and Objective}{chapter.1}% 17
\BOOKMARK [2][]{subsection.1.4.1}{1.4.1 Problem Statement}{section.1.4}% 18
\BOOKMARK [2][]{subsection.1.4.2}{1.4.2 Objectives of the project}{section.1.4}% 19
\BOOKMARK [1][]{section.1.5}{1.5 Organization of the Report}{chapter.1}% 20
\BOOKMARK [0][]{chapter.2}{2 High-level Design}{}% 21
\BOOKMARK [1][]{section.2.1}{2.1 Software Development Methodology}{chapter.2}% 22
\BOOKMARK [2][]{subsection.2.1.1}{2.1.1 Stage 1: Planning and Requirement Analysis}{section.2.1}% 23
\BOOKMARK [2][]{subsection.2.1.2}{2.1.2 Stage 2: Defining Requirements}{section.2.1}% 24
\BOOKMARK [2][]{subsection.2.1.3}{2.1.3 Stage 3: Designing the Product Architecture}{section.2.1}% 25
\BOOKMARK [2][]{subsection.2.1.4}{2.1.4 Stage 4: Building or Developing the Product}{section.2.1}% 26
\BOOKMARK [2][]{subsection.2.1.5}{2.1.5 Stage 5: Testing the Product}{section.2.1}% 27
\BOOKMARK [2][]{subsection.2.1.6}{2.1.6 Stage 6: Deployment in the Market and Maintenance}{section.2.1}% 28
\BOOKMARK [1][]{section.2.2}{2.2 Architecture}{chapter.2}% 29
\BOOKMARK [1][]{section.2.3}{2.3 Incremental Model}{chapter.2}% 30
\BOOKMARK [1][]{section.2.4}{2.4 Agility and Scrum}{chapter.2}% 31
\BOOKMARK [2][]{subsection.2.4.1}{2.4.1 Agility and the cost of change}{section.2.4}% 32
\BOOKMARK [1][]{section.2.5}{2.5 Scrum}{chapter.2}% 33
\BOOKMARK [2][]{subsection.2.5.1}{2.5.1 Activities performed by the team in the scrum}{section.2.5}% 34
\BOOKMARK [1][]{section.2.6}{2.6 Functional Requirements}{chapter.2}% 35
\BOOKMARK [1][]{section.2.7}{2.7 Non-Functional Requirement}{chapter.2}% 36
\BOOKMARK [1][]{section.2.8}{2.8 Feasibility Analysis}{chapter.2}% 37
\BOOKMARK [2][]{subsection.2.8.1}{2.8.1 Technical feasibility}{section.2.8}% 38
\BOOKMARK [2][]{subsection.2.8.2}{2.8.2 Economic feasibility}{section.2.8}% 39
\BOOKMARK [0][]{chapter.3}{3 Detailed Design}{}% 40
\BOOKMARK [1][]{section.3.1}{3.1 Interface Design}{chapter.3}% 41
\BOOKMARK [1][]{section.3.2}{3.2 Data Structures and Algorithms}{chapter.3}% 42
\BOOKMARK [2][]{subsection.3.2.1}{3.2.1 Naive Bayes Classifier}{section.3.2}% 43
\BOOKMARK [2][]{subsection.3.2.2}{3.2.2 Decision Tree}{section.3.2}% 44
\BOOKMARK [2][]{subsection.3.2.3}{3.2.3 Support vector machine\(SVM\)}{section.3.2}% 45
\BOOKMARK [2][]{subsection.3.2.4}{3.2.4 Logistic Regression}{section.3.2}% 46
\BOOKMARK [3][]{subsubsection.3.2.4.1}{3.2.4.1 Cost Function}{subsection.3.2.4}% 47
\BOOKMARK [3][]{subsubsection.3.2.4.2}{3.2.4.2 Gradient Descent}{subsection.3.2.4}% 48
\BOOKMARK [3][]{subsubsection.3.2.4.3}{3.2.4.3 Sigmoid Function}{subsection.3.2.4}% 49
\BOOKMARK [2][]{subsection.3.2.5}{3.2.5 K-Nearest Neighbour}{section.3.2}% 50
\BOOKMARK [2][]{subsection.3.2.6}{3.2.6 Neural Network}{section.3.2}% 51
\BOOKMARK [3][]{subsubsection.3.2.6.1}{3.2.6.1 Multilayer Perceptron Neural Network \(MLPNN\)}{subsection.3.2.6}% 52
\BOOKMARK [3][]{subsubsection.3.2.6.2}{3.2.6.2 Backpropagation network}{subsection.3.2.6}% 53
\BOOKMARK [1][]{section.3.3}{3.3 UML diagrams with discussions}{chapter.3}% 54
\BOOKMARK [1][]{section.3.4}{3.4 Data Source and Formats}{chapter.3}% 55
\BOOKMARK [2][]{subsection.3.4.1}{3.4.1 Heart Disease DataSet}{section.3.4}% 56
\BOOKMARK [2][]{subsection.3.4.2}{3.4.2 Diabetes DataSet}{section.3.4}% 57
\BOOKMARK [0][]{chapter.4}{4 Implementation}{}% 58
\BOOKMARK [1][]{section.4.1}{4.1 Tools and Technologies}{chapter.4}% 59
\BOOKMARK [2][]{subsection.4.1.1}{4.1.1 Django}{section.4.1}% 60
\BOOKMARK [2][]{subsection.4.1.2}{4.1.2 Python}{section.4.1}% 61
\BOOKMARK [2][]{subsection.4.1.3}{4.1.3 SqlLite}{section.4.1}% 62
\BOOKMARK [2][]{subsection.4.1.4}{4.1.4 IntelliJ IDEA}{section.4.1}% 63
\BOOKMARK [2][]{subsection.4.1.5}{4.1.5 Machine Learning}{section.4.1}% 64
\BOOKMARK [2][]{subsection.4.1.6}{4.1.6 HTML}{section.4.1}% 65
\BOOKMARK [2][]{subsection.4.1.7}{4.1.7 Cascading Style Sheets}{section.4.1}% 66
\BOOKMARK [1][]{section.4.2}{4.2 Experimental Setup}{chapter.4}% 67
\BOOKMARK [1][]{section.4.3}{4.3 Coding Standards followed}{chapter.4}% 68
\BOOKMARK [1][]{section.4.4}{4.4 Code Integration details}{chapter.4}% 69
\BOOKMARK [1][]{section.4.5}{4.5 Implementation work flow}{chapter.4}% 70
\BOOKMARK [2][]{subsection.4.5.1}{4.5.1 Data cleaning}{section.4.5}% 71
\BOOKMARK [3][]{subsubsection.4.5.1.1}{4.5.1.1 Sources of Missing Values}{subsection.4.5.1}% 72
\BOOKMARK [3][]{subsubsection.4.5.1.2}{4.5.1.2 Non-Standard Missing Values}{subsection.4.5.1}% 73
\BOOKMARK [2][]{subsection.4.5.2}{4.5.2 Handling unstructured and structured Data}{section.4.5}% 74
\BOOKMARK [1][]{section.4.6}{4.6 Execution Results and Discussions}{chapter.4}% 75
\BOOKMARK [1][]{section.4.7}{4.7 Non-functional requirements results}{chapter.4}% 76
\BOOKMARK [0][]{chapter.5}{5 Testing}{}% 77
\BOOKMARK [1][]{section.5.1}{5.1 Test workflow}{chapter.5}% 78
\BOOKMARK [2][]{subsection.5.1.1}{5.1.1 Integration Testing}{section.5.1}% 79
\BOOKMARK [2][]{subsection.5.1.2}{5.1.2 Unit Testing}{section.5.1}% 80
\BOOKMARK [2][]{subsection.5.1.3}{5.1.3 Validation Testing}{section.5.1}% 81
\BOOKMARK [1][]{section.5.2}{5.2 Test case details}{chapter.5}% 82
\BOOKMARK [2][]{subsection.5.2.1}{5.2.1 Test case 1:}{section.5.2}% 83
\BOOKMARK [2][]{subsection.5.2.2}{5.2.2 Test case 2:}{section.5.2}% 84
\BOOKMARK [2][]{subsection.5.2.3}{5.2.3 Test case 3:}{section.5.2}% 85
\BOOKMARK [2][]{subsection.5.2.4}{5.2.4 Test case 4:}{section.5.2}% 86
\BOOKMARK [2][]{subsection.5.2.5}{5.2.5 Test case 5:}{section.5.2}% 87
\BOOKMARK [0][]{chapter.6}{6 Conclusions and Future Scope}{}% 88
