This is pdfTeX, Version 3.14159265-2.6-1.40.19 (TeX Live 2019/dev/Debian) (preloaded format=pdflatex 2019.10.10)  6 MAR 2020 23:34
entering extended mode
 restricted \write18 enabled.
 %&-line parsing enabled.
**report.tex
(./report.tex
LaTeX2e <2018-12-01>
(/usr/share/texlive/texmf-dist/tex/latex/base/book.cls
Document Class: book 2018/09/03 v1.4i Standard LaTeX document class
(/usr/share/texlive/texmf-dist/tex/latex/base/bk10.clo
File: bk10.clo 2018/09/03 v1.4i Standard LaTeX file (size option)
)
\c@part=\count80
\c@chapter=\count81
\c@section=\count82
\c@subsection=\count83
\c@subsubsection=\count84
\c@paragraph=\count85
\c@subparagraph=\count86
\c@figure=\count87
\c@table=\count88
\abovecaptionskip=\skip41
\belowcaptionskip=\skip42
\bibindent=\dimen102
)
(/usr/share/texlive/texmf-dist/tex/latex/geometry/geometry.sty
Package: geometry 2018/04/16 v5.8 Page Geometry

(/usr/share/texlive/texmf-dist/tex/latex/graphics/keyval.sty
Package: keyval 2014/10/28 v1.15 key=value parser (DPC)
\KV@toks@=\toks14
)
(/usr/share/texlive/texmf-dist/tex/generic/oberdiek/ifpdf.sty
Package: ifpdf 2018/09/07 v3.3 Provides the ifpdf switch
)
(/usr/share/texlive/texmf-dist/tex/generic/oberdiek/ifvtex.sty
Package: ifvtex 2016/05/16 v1.6 Detect VTeX and its facilities (HO)
Package ifvtex Info: VTeX not detected.
)
(/usr/share/texlive/texmf-dist/tex/generic/ifxetex/ifxetex.sty
Package: ifxetex 2010/09/12 v0.6 Provides ifxetex conditional
)
\Gm@cnth=\count89
\Gm@cntv=\count90
\c@Gm@tempcnt=\count91
\Gm@bindingoffset=\dimen103
\Gm@wd@mp=\dimen104
\Gm@odd@mp=\dimen105
\Gm@even@mp=\dimen106
\Gm@layoutwidth=\dimen107
\Gm@layoutheight=\dimen108
\Gm@layouthoffset=\dimen109
\Gm@layoutvoffset=\dimen110
\Gm@dimlist=\toks15
)
(/usr/share/texlive/texmf-dist/tex/latex/oberdiek/pdflscape.sty
Package: pdflscape 2016/05/14 v0.11 Display of landscape pages in PDF (HO)

(/usr/share/texlive/texmf-dist/tex/latex/graphics/lscape.sty
Package: lscape 2000/10/22 v3.01 Landscape Pages (DPC)

(/usr/share/texlive/texmf-dist/tex/latex/graphics/graphics.sty
Package: graphics 2017/06/25 v1.2c Standard LaTeX Graphics (DPC,SPQR)

(/usr/share/texlive/texmf-dist/tex/latex/graphics/trig.sty
Package: trig 2016/01/03 v1.10 sin cos tan (DPC)
)
(/usr/share/texlive/texmf-dist/tex/latex/graphics-cfg/graphics.cfg
File: graphics.cfg 2016/06/04 v1.11 sample graphics configuration
)
Package graphics Info: Driver file: pdftex.def on input line 99.

(/usr/share/texlive/texmf-dist/tex/latex/graphics-def/pdftex.def
File: pdftex.def 2018/01/08 v1.0l Graphics/color driver for pdftex
)))
Package pdflscape Info: Auto-detected driver: pdftex on input line 81.
)
(/usr/share/texlive/texmf-dist/tex/latex/tools/multicol.sty
Package: multicol 2018/12/27 v1.8v multicolumn formatting (FMi)
\c@tracingmulticols=\count92
\mult@box=\box27
\multicol@leftmargin=\dimen111
\c@unbalance=\count93
\c@collectmore=\count94
\doublecol@number=\count95
\multicoltolerance=\count96
\multicolpretolerance=\count97
\full@width=\dimen112
\page@free=\dimen113
\premulticols=\dimen114
\postmulticols=\dimen115
\multicolsep=\skip43
\multicolbaselineskip=\skip44
\partial@page=\box28
\last@line=\box29
\maxbalancingoverflow=\dimen116
\mult@rightbox=\box30
\mult@grightbox=\box31
\mult@gfirstbox=\box32
\mult@firstbox=\box33
\@tempa=\box34
\@tempa=\box35
\@tempa=\box36
\@tempa=\box37
\@tempa=\box38
\@tempa=\box39
\@tempa=\box40
\@tempa=\box41
\@tempa=\box42
\@tempa=\box43
\@tempa=\box44
\@tempa=\box45
\@tempa=\box46
\@tempa=\box47
\@tempa=\box48
\@tempa=\box49
\@tempa=\box50
\c@columnbadness=\count98
\c@finalcolumnbadness=\count99
\last@try=\dimen117
\multicolovershoot=\dimen118
\multicolundershoot=\dimen119
\mult@nat@firstbox=\box51
\colbreak@box=\box52
\mc@col@check@num=\count100
)
(/usr/share/texlive/texmf-dist/tex/latex/xcolor/xcolor.sty
Package: xcolor 2016/05/11 v2.12 LaTeX color extensions (UK)

(/usr/share/texlive/texmf-dist/tex/latex/graphics-cfg/color.cfg
File: color.cfg 2016/01/02 v1.6 sample color configuration
)
Package xcolor Info: Driver file: pdftex.def on input line 225.
Package xcolor Info: Model `cmy' substituted by `cmy0' on input line 1348.
Package xcolor Info: Model `hsb' substituted by `rgb' on input line 1352.
Package xcolor Info: Model `RGB' extended on input line 1364.
Package xcolor Info: Model `HTML' substituted by `rgb' on input line 1366.
Package xcolor Info: Model `Hsb' substituted by `hsb' on input line 1367.
Package xcolor Info: Model `tHsb' substituted by `hsb' on input line 1368.
Package xcolor Info: Model `HSB' substituted by `hsb' on input line 1369.
Package xcolor Info: Model `Gray' substituted by `gray' on input line 1370.
Package xcolor Info: Model `wave' substituted by `hsb' on input line 1371.

(/usr/share/texlive/texmf-dist/tex/latex/graphics/dvipsnam.def
File: dvipsnam.def 2016/06/17 v3.0m Driver-dependent file (DPC,SPQR)
))
(/usr/share/texlive/texmf-dist/tex/latex/setspace/setspace.sty
Package: setspace 2011/12/19 v6.7a set line spacing
)
(/usr/share/texlive/texmf-dist/tex/latex/amsmath/amsmath.sty
Package: amsmath 2018/12/01 v2.17b AMS math features
\@mathmargin=\skip45

For additional information on amsmath, use the `?' option.
(/usr/share/texlive/texmf-dist/tex/latex/amsmath/amstext.sty
Package: amstext 2000/06/29 v2.01 AMS text

(/usr/share/texlive/texmf-dist/tex/latex/amsmath/amsgen.sty
File: amsgen.sty 1999/11/30 v2.0 generic functions
\@emptytoks=\toks16
\ex@=\dimen120
))
(/usr/share/texlive/texmf-dist/tex/latex/amsmath/amsbsy.sty
Package: amsbsy 1999/11/29 v1.2d Bold Symbols
\pmbraise@=\dimen121
)
(/usr/share/texlive/texmf-dist/tex/latex/amsmath/amsopn.sty
Package: amsopn 2016/03/08 v2.02 operator names
)
\inf@bad=\count101
LaTeX Info: Redefining \frac on input line 223.
\uproot@=\count102
\leftroot@=\count103
LaTeX Info: Redefining \overline on input line 385.
\classnum@=\count104
\DOTSCASE@=\count105
LaTeX Info: Redefining \ldots on input line 482.
LaTeX Info: Redefining \dots on input line 485.
LaTeX Info: Redefining \cdots on input line 606.
\Mathstrutbox@=\box53
\strutbox@=\box54
\big@size=\dimen122
LaTeX Font Info:    Redeclaring font encoding OML on input line 729.
LaTeX Font Info:    Redeclaring font encoding OMS on input line 730.
\macc@depth=\count106
\c@MaxMatrixCols=\count107
\dotsspace@=\muskip10
\c@parentequation=\count108
\dspbrk@lvl=\count109
\tag@help=\toks17
\row@=\count110
\column@=\count111
\maxfields@=\count112
\andhelp@=\toks18
\eqnshift@=\dimen123
\alignsep@=\dimen124
\tagshift@=\dimen125
\tagwidth@=\dimen126
\totwidth@=\dimen127
\lineht@=\dimen128
\@envbody=\toks19
\multlinegap=\skip46
\multlinetaggap=\skip47
\mathdisplay@stack=\toks20
LaTeX Info: Redefining \[ on input line 2844.
LaTeX Info: Redefining \] on input line 2845.
)
(/usr/share/texlive/texmf-dist/tex/latex/arydshln/arydshln.sty
Package: arydshln 2019/02/21 v1.76 
\dashlinedash=\dimen129
\dashlinegap=\dimen130
\adl@box=\box55
\adl@height=\dimen131
\adl@heightsave=\dimen132
\adl@depth=\dimen133
\adl@depthsave=\dimen134
\adl@finaldepth=\dimen135
\adl@columns=\count113
\adl@ncol=\count114
\adl@currentcolumn=\count115
\adl@currentcolumnsave=\count116
\adl@totalheight=\count117
\adl@totalheightsave=\count118
\adl@dash=\count119
\adl@gap=\count120
\adl@cla=\count121
\adl@clb=\count122
\adl@everyvbox=\toks21
\adl@LTpagetotal=\dimen136
)
(/usr/share/texlive/texmf-dist/tex/latex/multirow/multirow.sty
Package: multirow 2019/01/01 v2.4 Span multiple rows of a table
\multirow@colwidth=\skip48
\multirow@cntb=\count123
\multirow@dima=\skip49
\bigstrutjot=\dimen137
)
(/usr/share/texlive/texmf-dist/tex/latex/graphics/graphicx.sty
Package: graphicx 2017/06/01 v1.1a Enhanced LaTeX Graphics (DPC,SPQR)
\Gin@req@height=\dimen138
\Gin@req@width=\dimen139
)
(/usr/share/texlive/texmf-dist/tex/latex/caption/caption.sty
Package: caption 2018/10/06 v3.3-154 Customizing captions (AR)

(/usr/share/texlive/texmf-dist/tex/latex/caption/caption3.sty
Package: caption3 2018/09/12 v1.8c caption3 kernel (AR)
Package caption3 Info: TeX engine: e-TeX on input line 64.
\captionmargin=\dimen140
\captionmargin@=\dimen141
\captionwidth=\dimen142
\caption@tempdima=\dimen143
\caption@indent=\dimen144
\caption@parindent=\dimen145
\caption@hangindent=\dimen146
)
\c@caption@flags=\count124
\c@ContinuedFloat=\count125
)
(/usr/share/texlive/texmf-dist/tex/latex/caption/subcaption.sty
Package: subcaption 2018/05/01 v1.1-162 Sub-captions (AR)
\c@subfigure=\count126
\c@subtable=\count127
)
(/usr/share/texlive/texmf-dist/tex/latex/float/float.sty
Package: float 2001/11/08 v1.3d Float enhancements (AL)
\c@float@type=\count128
\float@exts=\toks22
\float@box=\box56
\@float@everytoks=\toks23
\@floatcapt=\box57
) (./report.aux)
\openout1 = `report.aux'.

LaTeX Font Info:    Checking defaults for OML/cmm/m/it on input line 39.
LaTeX Font Info:    ... okay on input line 39.
LaTeX Font Info:    Checking defaults for T1/cmr/m/n on input line 39.
LaTeX Font Info:    ... okay on input line 39.
LaTeX Font Info:    Checking defaults for OT1/cmr/m/n on input line 39.
LaTeX Font Info:    ... okay on input line 39.
LaTeX Font Info:    Checking defaults for OMS/cmsy/m/n on input line 39.
LaTeX Font Info:    ... okay on input line 39.
LaTeX Font Info:    Checking defaults for OMX/cmex/m/n on input line 39.
LaTeX Font Info:    ... okay on input line 39.
LaTeX Font Info:    Checking defaults for U/cmr/m/n on input line 39.
LaTeX Font Info:    ... okay on input line 39.

*geometry* driver: auto-detecting
*geometry* detected driver: pdftex
*geometry* verbose mode - [ preamble ] result:
* driver: pdftex
* paper: <default>
* layout: <same size as paper>
* layoutoffset:(h,v)=(0.0pt,0.0pt)
* modes: twoside 
* h-part:(L,W,R)=(86.72377pt, 455.30124pt, 72.26999pt)
* v-part:(T,H,B)=(86.72377pt, 621.52245pt, 86.72377pt)
* \paperwidth=614.295pt
* \paperheight=794.96999pt
* \textwidth=455.30124pt
* \textheight=621.52245pt
* \oddsidemargin=14.45378pt
* \evensidemargin=0.0pt
* \topmargin=-15.61371pt
* \headheight=12.0pt
* \headsep=18.06749pt
* \topskip=10.0pt
* \footskip=25.29494pt
* \marginparwidth=125.0pt
* \marginparsep=7.0pt
* \columnsep=10.0pt
* \skip\footins=9.0pt plus 4.0pt minus 2.0pt
* \hoffset=0.0pt
* \voffset=0.0pt
* \mag=1000
* \@twocolumnfalse
* \@twosidetrue
* \@mparswitchtrue
* \@reversemarginfalse
* (1in=72.27pt=25.4mm, 1cm=28.453pt)

(/usr/share/texlive/texmf-dist/tex/context/base/mkii/supp-pdf.mkii
[Loading MPS to PDF converter (version 2006.09.02).]
\scratchcounter=\count129
\scratchdimen=\dimen147
\scratchbox=\box58
\nofMPsegments=\count130
\nofMParguments=\count131
\everyMPshowfont=\toks24
\MPscratchCnt=\count132
\MPscratchDim=\dimen148
\MPnumerator=\count133
\makeMPintoPDFobject=\count134
\everyMPtoPDFconversion=\toks25
) (/usr/share/texlive/texmf-dist/tex/latex/oberdiek/epstopdf-base.sty
Package: epstopdf-base 2016/05/15 v2.6 Base part for package epstopdf

(/usr/share/texlive/texmf-dist/tex/generic/oberdiek/infwarerr.sty
Package: infwarerr 2016/05/16 v1.4 Providing info/warning/error messages (HO)
)
(/usr/share/texlive/texmf-dist/tex/latex/oberdiek/grfext.sty
Package: grfext 2016/05/16 v1.2 Manage graphics extensions (HO)

(/usr/share/texlive/texmf-dist/tex/generic/oberdiek/kvdefinekeys.sty
Package: kvdefinekeys 2016/05/16 v1.4 Define keys (HO)

(/usr/share/texlive/texmf-dist/tex/generic/oberdiek/ltxcmds.sty
Package: ltxcmds 2016/05/16 v1.23 LaTeX kernel commands for general use (HO)
)))
(/usr/share/texlive/texmf-dist/tex/latex/oberdiek/kvoptions.sty
Package: kvoptions 2016/05/16 v3.12 Key value format for package options (HO)

(/usr/share/texlive/texmf-dist/tex/generic/oberdiek/kvsetkeys.sty
Package: kvsetkeys 2016/05/16 v1.17 Key value parser (HO)

(/usr/share/texlive/texmf-dist/tex/generic/oberdiek/etexcmds.sty
Package: etexcmds 2016/05/16 v1.6 Avoid name clashes with e-TeX commands (HO)

(/usr/share/texlive/texmf-dist/tex/generic/oberdiek/ifluatex.sty
Package: ifluatex 2016/05/16 v1.4 Provides the ifluatex switch (HO)
Package ifluatex Info: LuaTeX not detected.
))))
(/usr/share/texlive/texmf-dist/tex/generic/oberdiek/pdftexcmds.sty
Package: pdftexcmds 2018/09/10 v0.29 Utility functions of pdfTeX for LuaTeX (HO
)
Package pdftexcmds Info: LuaTeX not detected.
Package pdftexcmds Info: \pdf@primitive is available.
Package pdftexcmds Info: \pdf@ifprimitive is available.
Package pdftexcmds Info: \pdfdraftmode found.
)
Package epstopdf-base Info: Redefining graphics rule for `.eps' on input line 4
38.
Package grfext Info: Graphics extension search list:
(grfext)             [.pdf,.png,.jpg,.mps,.jpeg,.jbig2,.jb2,.PDF,.PNG,.JPG,.JPE
G,.JBIG2,.JB2,.eps]
(grfext)             \AppendGraphicsExtensions on input line 456.

(/usr/share/texlive/texmf-dist/tex/latex/latexconfig/epstopdf-sys.cfg
File: epstopdf-sys.cfg 2010/07/13 v1.3 Configuration of (r)epstopdf for TeX Liv
e
))
Package caption Info: Begin \AtBeginDocument code.
Package caption Info: float package is loaded.
Package caption Info: End \AtBeginDocument code.

Chapter 1.
[1


{/var/lib/texmf/fonts/map/pdftex/updmap/pdftex.map}]
LaTeX Font Info:    Try loading font information for OMS+cmr on input line 64.

(/usr/share/texlive/texmf-dist/tex/latex/base/omscmr.fd
File: omscmr.fd 2014/09/29 v2.5h Standard LaTeX font definitions
)
LaTeX Font Info:    Font shape `OMS/cmr/m/n' in size <10> not available
(Font)              Font shape `OMS/cmsy/m/n' tried instead on input line 64.
 [2] [3]
Underfull \hbox (badness 10000) in paragraph at lines 105--115

 []


Underfull \hbox (badness 10000) in paragraph at lines 105--115

 []


Underfull \hbox (badness 1127) in paragraph at lines 105--115
\OT1/cmr/m/n/10 clas-si-fier for pre-dic-tion of heart dis-ease. Al-go-rithm fo
r our pro-posed model is shown be-low:
 []


Underfull \hbox (badness 10000) in paragraph at lines 105--115

 []

[4]
<images/histogram.png, id=20, 469.755pt x 325.215pt>
File: images/histogram.png Graphic file (type png)
<use images/histogram.png>
Package pdftex.def Info: images/histogram.png  used on input line 157.
(pdftex.def)             Requested size: 469.75386pt x 325.2142pt.

Overfull \hbox (14.45262pt too wide) in paragraph at lines 157--158
[][] 
 []

[5] [6 <./images/histogram.png>]
<images/count.png, id=29, 361.35pt x 274.02374pt>
File: images/count.png Graphic file (type png)
<use images/count.png>
Package pdftex.def Info: images/count.png  used on input line 169.
(pdftex.def)             Requested size: 361.34912pt x 274.02307pt.
 [7 <./images/count.png>] [8]
Chapter 2.
<images/sdlc.png, id=38, 416.30531pt x 318.43968pt>
File: images/sdlc.png Graphic file (type png)
<use images/sdlc.png>
Package pdftex.def Info: images/sdlc.png  used on input line 202.
(pdftex.def)             Requested size: 416.30429pt x 318.4389pt.
[9

] [10 <./images/sdlc.png>]
<images/df.png, id=45, 475.7775pt x 500.46976pt>
File: images/df.png Graphic file (type png)
<use images/df.png>
Package pdftex.def Info: images/df.png  used on input line 234.
(pdftex.def)             Requested size: 475.77632pt x 500.46852pt.

Overfull \hbox (20.47508pt too wide) in paragraph at lines 234--235
[][] 
 []

[11] [12 <./images/df.png>]
<images/cycle.png, id=53, 508.90125pt x 340.27126pt>
File: images/cycle.png Graphic file (type png)
<use images/cycle.png>
Package pdftex.def Info: images/cycle.png  used on input line 265.
(pdftex.def)             Requested size: 508.90001pt x 340.27042pt.

Overfull \hbox (53.59877pt too wide) in paragraph at lines 265--266
[][] 
 []

[13] [14 <./images/cycle.png>]
<images/chotu.png, id=61, 307.1475pt x 139.27031pt>
File: images/chotu.png Graphic file (type png)
<use images/chotu.png>
Package pdftex.def Info: images/chotu.png  used on input line 282.
(pdftex.def)             Requested size: 307.14674pt x 139.26996pt.
<images/animesh_chotu.png, id=62, 309.40594pt x 174.6525pt>
File: images/animesh_chotu.png Graphic file (type png)
<use images/animesh_chotu.png>
Package pdftex.def Info: images/animesh_chotu.png  used on input line 310.
(pdftex.def)             Requested size: 309.40518pt x 174.65207pt.
 [15 <./images/chotu.png>] [16 <./images/animesh_chotu.png>] [17] [18

]
Chapter 3.
<images/home.png, id=77, 1434.86063pt x 638.385pt>
File: images/home.png Graphic file (type png)
<use images/home.png>
Package pdftex.def Info: images/home.png  used on input line 355.
(pdftex.def)             Requested size: 483.69684pt x 215.19724pt.

Overfull \hbox (28.3956pt too wide) in paragraph at lines 355--359
 [] 
 []

<images/features.png, id=78, 1439.3775pt x 609.77812pt>
File: images/features.png Graphic file (type png)
<use images/features.png>
Package pdftex.def Info: images/features.png  used on input line 364.
(pdftex.def)             Requested size: 483.69684pt x 204.91196pt.
<images/feature-analysis.png, id=79, 1437.11906pt x 664.73344pt>
File: images/feature-analysis.png Graphic file (type png)
<use images/feature-analysis.png>
Package pdftex.def Info: images/feature-analysis.png  used on input line 365.
(pdftex.def)             Requested size: 483.69684pt x 223.73434pt.

Overfull \hbox (28.3956pt too wide) in paragraph at lines 364--366
 [] 
 []


Overfull \hbox (28.3956pt too wide) in paragraph at lines 364--366
 [] 
 []

<images/prediction-header.png, id=80, 935.74594pt x 355.3275pt>
File: images/prediction-header.png Graphic file (type png)
<use images/prediction-header.png>
Package pdftex.def Info: images/prediction-header.png  used on input line 372.
(pdftex.def)             Requested size: 483.69684pt x 183.67613pt.
<images/prediction.png, id=81, 1017.8025pt x 618.05907pt>
File: images/prediction.png Graphic file (type png)
<use images/prediction.png>
Package pdftex.def Info: images/prediction.png  used on input line 373.
(pdftex.def)             Requested size: 483.69684pt x 293.72256pt.

Overfull \hbox (28.3956pt too wide) in paragraph at lines 372--374
 [] 
 []


Overfull \hbox (28.3956pt too wide) in paragraph at lines 372--374
 [] 
 []

[19 <./images/home.png>] [20 <./images/features.png> <./images/feature-analysis
.png>] [21 <./images/prediction-header.png> <./images/prediction.png>]
Underfull \hbox (badness 10000) in paragraph at lines 383--386

 []

<images/naive_bayes.png, id=97, 1069.9975pt x 523.9575pt>
File: images/naive_bayes.png Graphic file (type png)
<use images/naive_bayes.png>
Package pdftex.def Info: images/naive_bayes.png  used on input line 390.
(pdftex.def)             Requested size: 426.79134pt x 208.99565pt.

Underfull \hbox (badness 10000) in paragraph at lines 395--397

 []

[22 <./images/naive_bayes.png>]
Underfull \hbox (badness 10000) in paragraph at lines 402--405

 []

<images/decision_tree.png, id=102, 919.435pt x 907.39pt>
File: images/decision_tree.png Graphic file (type png)
<use images/decision_tree.png>
Package pdftex.def Info: images/decision_tree.png  used on input line 408.
(pdftex.def)             Requested size: 490.11815pt x 483.69684pt.

Overfull \hbox (34.81691pt too wide) in paragraph at lines 408--409
 [] 
 []


Underfull \hbox (badness 10000) in paragraph at lines 418--419

 []

<images/svm.png, id=103, 903.375pt x 883.3pt>
File: images/svm.png Graphic file (type png)
<use images/svm.png>
Package pdftex.def Info: images/svm.png  used on input line 422.
(pdftex.def)             Requested size: 398.33858pt x 389.48885pt.
[23] [24 <./images/decision_tree.png>] [25 <./images/svm.png>]
<images/logistic_regression.png, id=117, 825.0825pt x 1160.335pt>
File: images/logistic_regression.png Graphic file (type png)
<use images/logistic_regression.png>
Package pdftex.def Info: images/logistic_regression.png  used on input line 440
.
(pdftex.def)             Requested size: 398.33858pt x 560.19453pt.
 [26] [27 <./images/logistic_regression.png>]
<images/knn.png, id=128, 728.7225pt x 983.675pt>
File: images/knn.png Graphic file (type png)
<use images/knn.png>
Package pdftex.def Info: images/knn.png  used on input line 519.
(pdftex.def)             Requested size: 426.79134pt x 576.1005pt.
<images/mlpnn.png, id=129, 1025.8325pt x 590.205pt>
File: images/mlpnn.png Graphic file (type png)
<use images/mlpnn.png>
Package pdftex.def Info: images/mlpnn.png  used on input line 530.
(pdftex.def)             Requested size: 341.43306pt x 196.44333pt.
 [28] [29 <./images/knn.png>]
Underfull \vbox (badness 2818) has occurred while \output is active []

 [30 <./images/mlpnn.png>]
<images/backpropogation.png, id=139, 556.0775pt x 734.745pt>
File: images/backpropogation.png Graphic file (type png)
<use images/backpropogation.png>
Package pdftex.def Info: images/backpropogation.png  used on input line 564.
(pdftex.def)             Requested size: 227.62204pt x 300.75409pt.
<images/neural_network.png, id=140, 396.48125pt x 513.92pt>
File: images/neural_network.png Graphic file (type png)
<use images/neural_network.png>
Package pdftex.def Info: images/neural_network.png  used on input line 570.
(pdftex.def)             Requested size: 284.5346pt x 569.10132pt.

Underfull \vbox (badness 10000) has occurred while \output is active []

 [31 <./images/backpropogation.png>]
<images/uml_diagram.png, id=145, 855.195pt x 492.33937pt>
File: images/uml_diagram.png Graphic file (type png)
<use images/uml_diagram.png>
Package pdftex.def Info: images/uml_diagram.png  used on input line 595.
(pdftex.def)             Requested size: 426.79134pt x 245.7033pt.

Underfull \vbox (badness 10000) has occurred while \output is active []

 [32 <./images/neural_network.png>]
<images/hdDataset.png, id=149, 513.92pt x 203.76125pt>
File: images/hdDataset.png Graphic file (type png)
<use images/hdDataset.png>
Package pdftex.def Info: images/hdDataset.png  used on input line 615.
(pdftex.def)             Requested size: 426.79134pt x 169.21817pt.

Underfull \vbox (badness 10000) has occurred while \output is active []

 [33 <./images/uml_diagram.png>] [34 <./images/hdDataset.png>] [35] [36] (./rep
ort.aux) ) 
Here is how much of TeX's memory you used:
 4843 strings out of 492615
 71802 string characters out of 6131389
 159333 words of memory out of 5000000
 8674 multiletter control sequences out of 15000+600000
 6878 words of font info for 25 fonts, out of 8000000 for 9000
 1141 hyphenation exceptions out of 8191
 41i,7n,39p,1700b,338s stack positions out of 5000i,500n,10000p,200000b,80000s
</usr/share/texlive/texmf-dist/fonts/type1/public/amsfonts/cm/cmbx10.
pfb></usr/share/texlive/texmf-dist/fonts/type1/public/amsfonts/cm/cmbx12.pfb></
usr/share/texlive/texmf-dist/fonts/type1/public/amsfonts/cm/cmex10.pfb></usr/sh
are/texlive/texmf-dist/fonts/type1/public/amsfonts/cm/cmmi10.pfb></usr/share/te
xlive/texmf-dist/fonts/type1/public/amsfonts/cm/cmmi5.pfb></usr/share/texlive/t
exmf-dist/fonts/type1/public/amsfonts/cm/cmmi7.pfb></usr/share/texlive/texmf-di
st/fonts/type1/public/amsfonts/cm/cmr10.pfb></usr/share/texlive/texmf-dist/font
s/type1/public/amsfonts/cm/cmr5.pfb></usr/share/texlive/texmf-dist/fonts/type1/
public/amsfonts/cm/cmr7.pfb></usr/share/texlive/texmf-dist/fonts/type1/public/a
msfonts/cm/cmsl10.pfb></usr/share/texlive/texmf-dist/fonts/type1/public/amsfont
s/cm/cmsy10.pfb></usr/share/texlive/texmf-dist/fonts/type1/public/amsfonts/cm/c
msy5.pfb></usr/share/texlive/texmf-dist/fonts/type1/public/amsfonts/cm/cmsy7.pf
b>
Output written on report.pdf (36 pages, 2836287 bytes).
PDF statistics:
 206 PDF objects out of 1000 (max. 8388607)
 120 compressed objects within 2 object streams
 0 named destinations out of 1000 (max. 500000)
 111 words of extra memory for PDF output out of 10000 (max. 10000000)

